GET /about 2026-01-20T15:14:44.928Z
GET /userDetail 2026-01-20T15:14:54.868Z
GET /user 2026-01-20T15:14:58.190Z
GET /uppercase 2026-01-20T15:15:08.412Z
GET /uppercase 2026-01-20T15:15:15.687Z
GET /uppercase 2026-01-20T15:15:18.151Z
GET /uppercase 2026-01-20T15:15:24.099Z
GET /uppercase 2026-01-20T15:15:43.225Z
GET /uppercase 2026-01-20T15:15:45.139Z
GET /upperCase 2026-01-20T15:16:54.098Z
GET /upperCase 2026-01-20T15:16:55.667Z
GET /upperCase 2026-01-20T15:17:01.869Z
GET /upperCase 2026-01-20T15:17:03.753Z
POST /upperCase 2026-01-20T15:17:20.735Z
POST /upperCase 2026-01-20T15:17:22.146Z
POST /upperCase 2026-01-20T15:17:42.707Z
POST /upperCase 2026-01-20T15:19:04.034Z
POST /upperCase 2026-01-20T15:19:06.093Z
POST /uppercase 2026-01-20T15:19:09.512Z
POST /uppercase 2026-01-20T15:19:13.923Z
GET /uppercase 2026-01-20T15:19:27.965Z
POST /uppercase 2026-01-20T15:21:18.758Z
GET /uppercase 2026-01-20T15:21:33.578Z
GET /uppercase 2026-01-20T15:21:34.747Z
GET /uppercase 2026-01-20T15:21:35.463Z
GET /uppercase 2026-01-20T15:21:35.739Z
GET /uppercase 2026-01-20T15:21:36.035Z
POST /voweltransform 2026-01-20T15:21:58.327Z
GET /voweltransform 2026-01-20T15:22:07.057Z
